# JRE version: Java(TM) SE Runtime Environment (8.0_141-b15) (build 1.8.0_141-b15)
# Java VM: Java HotSpot(TM) 64-Bit Server VM (25.141-b15 mixed mode windows-amd64 compressed oops)
Heap:
 garbage-first heap   total 264192K, used 184410K [0x00000000c0000000, 0x00000000c0100810, 0x0000000100000000)
  region size 1024K, 51 young (52224K), 7 survivors (7168K)
 Metaspace       used 175643K, capacity 193732K, committed 193940K, reserved 1216512K
  class space    used 20850K, capacity 25960K, committed 26060K, reserved 1048576K
GC Heap History (10 events):
Event: 35454.195 GC heap before
{Heap before GC invocations=351 (full 0):
 garbage-first heap   total 264192K, used 230839K [0x00000000c0000000, 0x00000000c0100810, 0x0000000100000000)
  region size 1024K, 98 young (100352K), 4 survivors (4096K)
 Metaspace       used 175314K, capacity 193238K, committed 193300K, reserved 1216512K
  class space    used 20813K, capacity 25925K, committed 25932K, reserved 1048576K
Event: 35454.212 GC heap after
Heap after GC invocations=352 (full 0):
 garbage-first heap   total 264192K, used 136865K [0x00000000c0000000, 0x00000000c0100810, 0x0000000100000000)
  region size 1024K, 6 young (6144K), 6 survivors (6144K)
 Metaspace       used 175314K, capacity 193238K, committed 193300K, reserved 1216512K
  class space    used 20813K, capacity 25925K, committed 25932K, reserved 1048576K
}
Event: 35567.668 GC heap before
{Heap before GC invocations=353 (full 0):
 garbage-first heap   total 264192K, used 229025K [0x00000000c0000000, 0x00000000c0100810, 0x0000000100000000)
  region size 1024K, 96 young (98304K), 6 survivors (6144K)
 Metaspace       used 175351K, capacity 193366K, committed 193556K, reserved 1216512K
  class space    used 20814K, capacity 25925K, committed 25932K, reserved 1048576K
Event: 35567.686 GC heap after
Heap after GC invocations=354 (full 0):
 garbage-first heap   total 264192K, used 136936K [0x00000000c0000000, 0x00000000c0100810, 0x0000000100000000)
  region size 1024K, 6 young (6144K), 6 survivors (6144K)
 Metaspace       used 175351K, capacity 193366K, committed 193556K, reserved 1216512K
  class space    used 20814K, capacity 25925K, committed 25932K, reserved 1048576K
}
Event: 35573.165 GC heap before
{Heap before GC invocations=354 (full 0):
 garbage-first heap   total 264192K, used 143080K [0x00000000c0000000, 0x00000000c0100810, 0x0000000100000000)
  region size 1024K, 12 young (12288K), 6 survivors (6144K)
 Metaspace       used 175353K, capacity 193366K, committed 193556K, reserved 1216512K
  class space    used 20814K, capacity 25925K, committed 25932K, reserved 1048576K
Event: 35573.196 GC heap after
Heap after GC invocations=355 (full 0):
 garbage-first heap   total 264192K, used 133978K [0x00000000c0000000, 0x00000000c0100810, 0x0000000100000000)
  region size 1024K, 2 young (2048K), 2 survivors (2048K)
 Metaspace       used 175353K, capacity 193366K, committed 193556K, reserved 1216512K
  class space    used 20814K, capacity 25925K, committed 25932K, reserved 1048576K
}
Event: 35641.356 GC heap before
{Heap before GC invocations=355 (full 0):
 garbage-first heap   total 264192K, used 231258K [0x00000000c0000000, 0x00000000c0100810, 0x0000000100000000)
  region size 1024K, 97 young (99328K), 2 survivors (2048K)
 Metaspace       used 175394K, capacity 193430K, committed 193556K, reserved 1216512K
  class space    used 20815K, capacity 25925K, committed 25932K, reserved 1048576K
Event: 35641.394 GC heap after
Heap after GC invocations=356 (full 0):
 garbage-first heap   total 264192K, used 136568K [0x00000000c0000000, 0x00000000c0100810, 0x0000000100000000)
  region size 1024K, 5 young (5120K), 5 survivors (5120K)
 Metaspace       used 175394K, capacity 193430K, committed 193556K, reserved 1216512K
  class space    used 20815K, capacity 25925K, committed 25932K, reserved 1048576K
}
Event: 35692.686 GC heap before
{Heap before GC invocations=356 (full 0):
 garbage-first heap   total 264192K, used 198008K [0x00000000c0000000, 0x00000000c0100810, 0x0000000100000000)
  region size 1024K, 66 young (67584K), 5 survivors (5120K)
 Metaspace       used 175598K, capacity 193718K, committed 193940K, reserved 1216512K
  class space    used 20845K, capacity 25957K, committed 26060K, reserved 1048576K
Event: 35692.705 GC heap after
Heap after GC invocations=357 (full 0):
 garbage-first heap   total 264192K, used 139098K [0x00000000c0000000, 0x00000000c0100810, 0x0000000100000000)
  region size 1024K, 7 young (7168K), 7 survivors (7168K)
 Metaspace       used 175598K, capacity 193718K, committed 193940K, reserved 1216512K
  class space    used 20845K, capacity 25957K, committed 26060K, reserved 1048576K
}

